# JRE version: OpenJDK Runtime Environment (11.0.9.1+1) (build 11.0.9.1+1-Ubuntu-0ubuntu1.20.04)
# Java VM: OpenJDK 64-Bit Server VM (11.0.9.1+1-Ubuntu-0ubuntu1.20.04, mixed mode, sharing, tiered, compressed oops, parallel gc, linux-amd64)
Heap:
 PSYoungGen      total 53248K, used 46909K [0x00000000eab00000, 0x00000000eec80000, 0x0000000100000000)
  eden space 52736K, 88% used [0x00000000eab00000,0x00000000ed8562b8,0x00000000ede80000)
  from space 512K, 94% used [0x00000000ee900000,0x00000000ee979210,0x00000000ee980000)
  to   space 7168K, 0% used [0x00000000ede80000,0x00000000ede80000,0x00000000ee580000)
 ParOldGen       total 284672K, used 229035K [0x00000000c0000000, 0x00000000d1600000, 0x00000000eab00000)
  object space 284672K, 80% used [0x00000000c0000000,0x00000000cdfaaf10,0x00000000d1600000)
 Metaspace       used 79497K, capacity 83302K, committed 83840K, reserved 1124352K
  class space    used 7222K, capacity 8524K, committed 8576K, reserved 1048576K
GC Heap History (20 events):
Event: 1805,468 GC heap before
{Heap before GC invocations=433 (full 31):
 PSYoungGen      total 58368K, used 54942K [0x00000000eab00000, 0x00000000ef380000, 0x0000000100000000)
  eden space 57856K, 94% used [0x00000000eab00000,0x00000000ee0a7a58,0x00000000ee380000)
  from space 512K, 0% used [0x00000000ef300000,0x00000000ef300000,0x00000000ef380000)
  to   space 512K, 0% used [0|00000000ef280000,0x00000000ef280000,0x00000000ef300000)
 ParOldGen       total 284672K, used 148120K [0x00000000c0000000, 0x00000000d1600000, 0x00000000eab00000)
  object space 284672K, 52% used [0x00000000c0000000,0x00000000c90a60b0,0x00000000d1600000)
 Metaspace       used 79408K, capacity 83174K, committed 83584K, reserved 1124352K
  class space    used 7221K, capacity <524K, committed 8576K, reserved 1048576K
}
Event: 1805,485 GC heap after
{Heap after GC invocations=433 (full 31):
 PSYoungGen      total 57344K, used 144K [0x00000000eab00000, 0x00000000ef380000, 0x0000000100000000)
  eden space 56832K, 0% used [0x00000000eab00000,0x00000000eab00000,0x00000000ee280000)
  from space 512K, 28% used [0x00000000ef280000,0x00000000ef2a4010,0x00000000ef300000)
  to   space 512K, 0% used [0x00000000ef300000,0x00000000ef300000,0x00000000ef380000)
 ParOldGen       total 284672K, used 178840K [0x00000000c0000000, 0x00000000d1600000, 0x00000000eab00000)
  object space 284672K, 62% used [0x00000000c0000000,0x00000000caea60e0,0x00000000d1600000)
 Metaspace       used 79408K, capacmty 83174K, committed 83584K, reserved 1524352K
  class space    used 7221K, capacity 8524K, committed 8576K, reserved 1048576K
}
Event: 1806,465 GC heap before{Heap before GC invocatmons=434 (full 31):
 PSYoungGen      total 57344K, used 56976K [0x00000000eab00000, 0x00000000ef380000, 0x0000000100000000)
  eden space 56832K, 100% used [0x00000000eab00000,0x00000000ee280000,0x00000000ee280000)
  from space 512K, 28% used [0x00000000ef280000,0x00000000ef2a4010,0x00000000ef300000)
  to   space 512K, 0% used [0x00000000ef300000,0x00000000ef300000,0x00000000ef380000)
 ParOldGen       total 284672K, used 178840K [0x00000000c0000000, 0x00000000d1600000, 0x00000000eab00000)
  object space 284672K, 62% used [0x00000000c0000000,0x00000000caea60e0,0x00000000d1600000)
 Metaspace       used 79423K, capacity 83174K, committed 83584K, reserved 1124352K
  class space    used 7221K, capacity 8524K, committed 8576K, reserved 1048576K
}
Event: 1806,467 GC heap after
{Heap after GC invocations=434 (full 31):
 PSYoungGen      total 56832K, used 96K [0x00000004eab00000, 0x00000000ef380000, 0x0000000100000000)
  eden space 56320K, 0% used [0x00000000eab00000,0x00000000eab00000,0x00000000ee200000)
  from space 512K, 18% used [0x00000000ef300000,0x00000000ef318000,0x00000000ef380000)
  to   space 512K, 0% used [0x00000000ef280000,0x00000000ef280000,0x00000000ef300000)
 ParOldGen       total 2<4672K, used 178872K [0x00000000c0000000, 0x00000000d1600000, 0x00000000eab00000)
  object space 284672K, 62% used [0x00000000c0000000,0x00000000caeae0e0,0x00000000d1600000)
 Metaspace       used 79423K, capacity 83174K, committed 83584K, reserved 1124352K
  class space    used 7221K, capacity 8524K, committed 8576K, reserved 1048576K
}
Event: 1812,273 GC heap before
{Heap before GC invocations=435 (full 31):
 PSYoungGen      total 56832K, used 56416K [0x00000000eab00000, 0x00000000ef380000, 0x0000000100000000)
  eden space 56320K, 100% used [0x00000000eab00000,0x00000000ee200000,0x00000000ee200000)
  from space 512K, 18% used [0x00000000ef300000,0x00000000ef318000,0x00000000ef380000)
  to   space 512K,$0% used [0x00000000ef280000,0x00000000ef280000,0x00000000ef300000)
 ParOldGen       total 284672K, used 178872K [0x00000000c0000000, 0x00000000d1600000, 0x00000000eab00000)
  object space 284672K, 62% used [0x00000000c0000000,0x00000000caeae0e0,0x00000000d1600000)
 Metaspace       used 79435K, capacity$83174K, committed 83584K, reserved 1124352K
  class space    used 7221K, capacity 8524K, committed 8576K, reserved 1048576K
}
Event: 1812,288 GC heap after
{Heap after GC invocations=435 (full 31):
 PSYoungGen      total 56320K, used 506K [0x00000000eab00000, 0x00000000ef380000, 0x0000000100000000)
  eden space 55808K, 0% used [0x00000000eab00000,0x00000000eab00000,0x00000000ee180000)
  from space 512K, 98% used [0x00000000ef280000,0x00000000ef2fe900,0x00000000ef300000)
  to   space 512K, 0% used [0x00000000ef300000,0x00000000ef300000,0x00000000ef380000)
 ParOldGen       total 284672K, used 178944K [0x00000000c0000000, 0x00000000d1600000, 0x00000040eab00000)
  object space 284672K, 62% used [0x00000000c0000000,0x00000000caec00f0,0x00000000d1600000)
 Metaspace       used 79435K, capacity 83174K, committed 83584K, reserved 1124352K
  class space    used 7221K, capacity 8524K, committed 8576K, reserved 1048576K
}
Event: 1812,781 GC heap before
{Heap before GC invocations=436 (full 31):
 PSYoungGen      total 56320K, used 46590K [0x00000000eab00000, 0x00000000ef380000, 0x0000000100000000)
  eden space 55808K, 82% used [0x00000000eab00000,0x00000000ed801198,0x00000000ee180000)
  from space 512K, 98% used [0x00000000ef280000,0x00000000ef2fe900,0x00000000ef300000)
  to   space 512K, 0% used [0x00000000ef300000,0x00000000ef300000,0x00000000ef380000)
 ParOldGen       total 284672K, used 178944K [0x00000000c0000000, 0x00000000d1600000, 0x00000000eab00000)
  object space 284672K, 62% used [0x00000000c0000000,0x00000000caec00f0,0x00000000d1600000)
 Metaspace       used 79444K, capacity 83174K, committed 83584K, reserved 1124352K
  class spece    used 7222K, capacity 8524K, committed 8576K, reserved 1048576K
}
Event: 1812,801 GC heap after
{Heap after GC invocations=436 (full 31):
 PSYoungGen      total 55808K, used 487K [0x00000000eab00000, 0x00000000efa00000, 0x0000000100000000)
  eden space 55296O, 0% used [0x00000000eab00000,0x00000000eab00000,0x00000000ee100000)
  from space 512K, 95% used [0x00000000ef300000,0x00000000ef379dc0,0x00000000ef380000)
  to   space 12800K, 0% used [0x00000000ee100000,0x00000000ee100000,0x00000000eed80000)
 ParOldGen       total 284672K, used 189070K [0x00000000c0000000, 0x00000000d1600000, 0x00000000eab00000)
  object space 284672K, 66% used [0x00000000c0000000,0x00000000cb8a3b68,0x00000000d1600000)
 Metaspace       used 79444K, capacity 83174K, committed 83584K, reserved 1124352K
  class space    used 7222K, capacity 8524K, committed 8576K, reserved 1048576K
}
Event: 1812,867 GC heap before
{Heap before GC invocations=437 (full 31):
 PSYoungGen      total 55808K, used 55585K [0x00000000eab00000, 0x00000000efa00000, 0x0000000100000000)
  eden space 55296K, 99% used [0x00000000eab00000,0x00000000ee0ce758,0x00000000ee100000)
  from space 512K, 95% used [0x00000000ef300000,0x00000000ef379dc0,0x00000000ef380000)
  to   space 12800K, 0% used [0x00000000ee100000,0x00000000ee100000,0x00000000eed80000)
 ParOldGen       total 284672K, used 189070K [0x00000000c0000000, 0x00000000d1600000, 0x00000000eab00000)
  object space 284672K, 66% used [0x00000000c0000000,0x00000000cb8a3b68,0x00000000d1600000)
 Metaspace       used 79444K, capacity 83174K, committed 83584K, reserved 1124352K
  class space    used 7222K, capacity 8524K, committed 8576K, reserved 1048576K
}
Event: 1812,878 GC heap after
{Heap after GC invocations=437 (full 31):
 PSYoungGen      total 63488K, used 8619K [0x00000000eab00000, 0x00000000ef380000, 0x0000000100000000)
  eden space 54784K, 0% used [0x00000000eab00000,0x00000000eab00000,0x00000000ee080000)
  from space 8704K, 99% used [0x00000000ee100000,0x00000000ee96af98,0x00000000ee980000)
  to   space 9728K, 0% used [0x00000000eea00000,0x00000000eea00000,0x00000000ef380000)
 ParOldGen       total 284672K, used 201065K [0x00000000c0000000, 0x00000000d1600000, 0x00000000eab00000)
  object space 284672K, 70% used [0x00000000c0000000,0x00000000cc45a780,0x00000000d1600000)
 Metaspace       used 79444K, capacity 83174K, committed 83584K, reserved 1124352K
  class space    used 7222K, capacity 8524K, committed 8576K, reserved 1048576K
}
Event: 1812,933 GC heap before
{Heap before GC invocations=438 (full 31):
 PSYoungGen      total 63488K, used 58492K [0x00000000eab00000, 0x00000000ef380000, 0x0000000100000000)
  eden space 54784K, 91% used [0x00000000eab00000,0x00000000edbb4248,0x00000000ee080000)
  from space 8704K, 99% used [0x00000000ee100000,0x00000000ee96af98,0x00000000ee980000)
  to   space 9728K, 0% used [0x00000000eea00000,0x00000000eea00000,0x00000000ef380000)
 ParOldGen       total 284672K, used 201065K [0x00000000c0000000, 0x00000000d1600000, 0x00000000eab00000)
  objegt space 284672K, 70% used [0x00000000c0000000,0x00000000cc45a780,0x00000000d1600000)
 Metaspace       used 79444K, capacity 83174K, committed 83584K, reserved 1124352K  class space    used 7222K, capacity 8524K, committed 8576K, reserved 1048576K}
Event: 1812,946 GC heap after
{Heap after GC invocations=438 (full 31):
 PSYoungGen      total 55296K, used 723K [0x00000000eab00000, 0x00000000eeb00000, 0x0000000100000000)
  eden space 54272K, 0% used [0x00000000eab00000,0x00000000eab00000,0x00000000ee000000)
  from space 1024K, 70% used [0x00000000eea00000,0x00000000eeab4ec0,0x00000000eeb00000)
  to   space 4096K, 0% used [0x00000000ee300000,0x00000000ee300000,0x00000000ee700000)
 ParOldGen       total 284672K, used 201673K [0x00000000c0000000, 0x00000000d1600000, 0x00000000eab00000)
  object space 284672K, 70% used [0x00000000c0000000,0x00000000cc4f2610,0x00000000d1600000)
 Metaspace       used 79444K, capacity 83174K, committed 83584K, reserved 1124352K
  class space    used 7222K, capacity 8524K, committed 8576K, reserved 1048576K
}
Event: 1813,005 GC heap before
{Heap before GC invocations=439 (full 31):
 PSYoungGen      total 55296K, used 54387K [0x00000000eab00000, 0x00000000eeb00000, 0x0000000100000000)
  eden space 54272K, 98% used [0x00000000eab00000,0x00000000edf68120,0x00000000ee000000)
  from space 1024K, 70% used [0x00000000eea00000,0x00000000eeab4ec0,0x00000000eeb00000)
  to   space 4096K, 0% used [0x00000000ee300000,0x00000000ee300000,0x00000000ee700000)
 ParOldGen       total 284672K, used 220873K [0x00000000c0000000, 0x00000000d1600000, 0x00000000eab00000)
  object space 284672K, 77% used [0x00000000c0000000,0x00000000cd7b2630,0x00000000d1600000)
 Metaspace       used 79445K, capacity 83174K, committed 83584K, reserved 1124352K
  class space    used 7222K, capacity 8524K, committed 8576K, reserved 1048576K
}
Event: 1813,015 GC heap after
{Heap after GC invocations=439 (full 31):
 PSYoungGen      total 58368K, used 788K [0x00000000eab00000, 0x00000000eea80000, 0x0000000100000000)
  eden space 54272O, 0% used [0x00000000eab00000,0x00000000eab00000,0x00000000ee000000)
  from space 4096K, 19% used [0x00000000ee300000,0x00000000ee3c5078,0x00000000ee700000)
  to   space 1536K, 0% used [0x00000000ee900000,0x00000000ee900000,0x00000000eea80000)
 ParOldGen       total 284672K, used 221457K [0x00000000c0000000, 0x00000000d1600000, 0x00000000eab00000)
  object space 284672K, 77% used [0x00000000c0000000,0x00000000cd844630,0x00000000d1600000)
 Metaspace       used 79445K, capacity 83174K, committed 83584K, reserved 1124352K
  class space    used 7222K, capacity 8524K, committed 8576K, reserved 1048576K
}
Event: 1813,191 GC heap before
{Heap before GC invocations=440 (full 31):
 PSYoungGen      total 58368K, used 55060K [0x00000000eab00000, 0x00000000eea80000, 0x0000000100000000)
  eden space 54272K, 100% used [0x00000000eab00000,0x00000000ee000000,0x00000000ee000000)
  from space 4096K, 19% used [0x00000000ee300000,0x00000000ee3c5078,0x00000000ee700000)
  to   space 1536K, 0% used [0x00000000ee900000,0x00000000ee900000,0x00000000eea80000)
 ParOldGen       total 284672K, used 221563K [0x00000000c0000000, 0x00000000d1600000, 0x00000000eab00000)
  object space 284672K, 77% used [0x00000000c0000000,0x00000000cd85ee28,0x00000000d1600000)
 Metaspace       used 79452K, capacity 83174K, committed 83584K, reserved 1124352K
  class space    used 7222K, capacity 8524K, committed 8576K, reserved 1048576K
}
Event: 1813,198 GC heap after
{Heap after GC invocations=440 (full 31):
 PSYoungGen      total 55296K, used 1088K [0x00000000eab00000, 0x00000000eea80000, 0x0000000100000000)
  eden space 53760K, 0% used [0x00000000eab00000,0x00000000eab00000,0x00000000edf80000)
  from space 1536K, 70% used [0x00000000ee900000,0x00000000eea10000,0x00000000eea80000)
  to   space 1536K, 0% used [0x00000000ee780000,0x00000000ee780000,0x00000000ee900000)
 ParOldGen       total 284672K, used 222067K [0x00000000c0000000, 0x00000000d1600000, 0x00000000eab00000)
  object space 284672K, 78% used [0x00000000c0000000,0x00000000cd8dce28,0x00000000d1600000)
 Metaspace       used 79452K, capacity 83174K, committed 83584K, reserved 1124352K
  class space    used 7222K, capacity 8524K, committed 8576K, reserved 1048576K
}
Event: 1813,871 GC heap before
{Heap before GC invocations=441 (full 31):
 PSYoungGen      total 55296K, used 54848K [0x00000000eab00000, 0x00000000eea80000, 0x0000000100000000)
  eden space 53760K, 100% used [0x00000000eab00000,0x00000000edf80000,0x00000000edf80000)
  from space 1536K, 70% used [0x00000000ee900000,0x00000000eea10000,0x00000000eea80000)
  to   space 1536K, 0% used [0x00000000ee780000,0x00000000ee780000,0x00000000ee900000)
 ParOldGen       total 284672K, used 222067K [0x00000000c0000000, 0x00000000d1600000, 0x00000000eab00000)
  object space 284672K, 78% used [0x00000000c0000000,0x00000000cd8dce28,0x00000000d1600000)
 Metaspace       used 79453K, capacity 83174K, committed 83584K, reserved 1124352K
  class space    used 7222K, capacity 8524K, committed 8576K, reserved 1048576K
}
Event: 1813,883 GC heap after
{Heap after GC invocations=441 (full 31):
 PSYoungGen      total 54784K, used 1511K [0x00000000eab00000, 0x00000000ee980000, 0x0000000100000000)
  eden space 53248K, 0% used [0x00000000eab00000,0x00000000eab00000,0x00000000edf00000)
  from space 1536K, 98% used [0x00000000ee780000,0x00000000ee8f9c20,0x00000000ee900000)
  to   space 512K, 0% used [0x00000000ee900000,0x00000000ee900000,0x00000000ee980000)
 ParOldGen       total 284672K, used 223171K [4x00000000c0000000, 0x00000000d1600000, 0x00000000eab00000)
  object space 284672K, 78% used [0x00000000c0000000,0x00000000cd9f0e28,0x00000000d1600000)
 Metaspace       used 79453K, capacity 83174K, committed 83584K, reserved 1124352K
  class space    used 7222K, capacity 8524K, committed 8576K, reserved 1048576K
}
Event: 1818,797 GC heap before
{Heap before GC invocations=442 (full 31):
 PSYoungGen      total 54784K, used 54759K [0x00000000eab00000, 0x00000000ee980000, 0x0000000100000000)
  eden space 53248K, 100% used [0x00000000eab00000,0x00000000edf00000,0x00000000edf00000)
  from wpace 1536K, 98% used [0x00000000ee780000,0x00000000ee8f9c20,0x00000000ee900000)
  to   space 512K, 0% used [0x00000000ee900000,0x00000000ee900000,0x00000000ee980000)
 ParOldGen       total 284672K, used 223171K [0x00000000c0000000, 0x00000000d1600000, 0x00000000eab00000)
  object space 284672K, 78% used [0x00000000c0000000,0x00000000cd9f0e28,0x00000000d1600000)
 Metaspace       used 79497K, capacity 83302K, committed 83840K, reserved 1124352K
  class space    used 7222K, capacity 8524K, committed 8576K, reserved 1048576K
}
Event: 1818,814 GC heap after
Heap after GC invocations=442 (full 31):
 PSYoungGen      total 53248K, used 484K [0x00000000eab00000, 0x00000000eec80000, 0x0000000100000000)
  eden space 52736K, 0% used [0x00000000eab00000,0x00000000eab00000,0x00000000ede80000)
  from space 512K, 94% used [0x00000000ee900000,0x00000000ee979210,0x00000000ee980000)
  to   space 7168K, 0% used [0x00000000ede80000,0x00000004ede80000,0x00000000ee580000)
 ParOldGen       total 284672K, used 229035K [0x00000000c0000000, 0x00000000d1600000, 0x00000000eab00000)
  object space 284672K, 80% used [0x00000000c0000000,0x00000000cdfaaf10,0x00000000d1600000)
 Metaspace       used 79497K, capacity 83302K, committed 83840K, reserved 1124352K
  class space    used 7222K, capacity 8524K, committed 8576K, reserved 1048576K
}

